<?xml version="1.0" encoding="UTF-8"?>
<!-- Generated by org.testng.reporters.JUnitReportReporter -->
<testsuite hostname="DESKTOP-5ADF9CN" failures="0" tests="1" name="com.Home.fingertip.Channel_without_TaxandTopic" time="69.184" errors="0" timestamp="2020-11-20T17:42:15 IST" skipped="0">
  <testcase classname="com.Home.fingertip.Channel_without_TaxandTopic" name="channelwithouttaxandtopic" time="69.184"/>
  <system-out>
Taxonomy is not created - Needs at least topic or Taxonomy got displayed  </system-out>
</testsuite> <!-- com.Home.fingertip.Channel_without_TaxandTopic -->
