<?xml version="1.0" encoding="UTF-8"?>
<!-- Generated by org.testng.reporters.JUnitReportReporter -->
<testsuite hostname="DESKTOP-5ADF9CN" failures="0" tests="1" name="discoverDollors.CareerOption" time="142.247" errors="0" timestamp="2020-10-22T13:41:40 PDT" skipped="0">
  <testcase classname="discoverDollors.CareerOption" name="career" time="142.247"/>
  <system-out/>
</testsuite> <!-- discoverDollors.CareerOption -->
