<?xml version="1.0" encoding="UTF-8"?>
<!-- Generated by org.testng.reporters.JUnitReportReporter -->
<testsuite hostname="DESKTOP-5ADF9CN" failures="0" tests="1" name="com.Home.fingertip.Objective" time="100.944" errors="0" timestamp="2020-11-20T10:35:51 IST" skipped="0">
  <testcase classname="com.Home.fingertip.Objective" name="objective" time="100.944"/>
  <system-out/>
</testsuite> <!-- com.Home.fingertip.Objective -->
