<?xml version="1.0" encoding="UTF-8"?>
<!-- Generated by org.testng.reporters.JUnitReportReporter -->
<testsuite hostname="DESKTOP-5ADF9CN" failures="0" tests="1" name="com.Home.fingertip.Channel_openPlan" time="70.666" errors="0" timestamp="2020-11-23T10:29:05 IST" skipped="0">
  <testcase classname="com.Home.fingertip.Channel_openPlan" name="channel_openplan" time="70.666"/>
  <system-out>
Plan from channel | Salesforce Plan Page got displayed  </system-out>
</testsuite> <!-- com.Home.fingertip.Channel_openPlan -->
