<?xml version="1.0" encoding="UTF-8"?>
<!-- Generated by org.testng.reporters.JUnitReportReporter -->
<testsuite skipped="0" hostname="U6075153-TPL-A" name="discoverDollors.Hello" tests="1" failures="0" timestamp="2020-07-12T16:49:11 IST" time="0.009" errors="0">
  <testcase name="run" time="0.009" classname="discoverDollors.Hello"/>
  <system-out>
hello  </system-out>
</testsuite> <!-- discoverDollors.Hello -->
