<?xml version="1.0" encoding="UTF-8"?>
<!-- Generated by org.testng.reporters.JUnitReportReporter -->
<testsuite hostname="DESKTOP-5ADF9CN" failures="0" tests="1" name="com.Home.fingertip.Channel_openTask" time="85.430" errors="0" timestamp="2020-11-23T10:39:53 IST" skipped="0">
  <testcase classname="com.Home.fingertip.Channel_openTask" name="channel_opentask" time="85.430"/>
  <system-out>
channel_opentask TEST START Automation task | Salesforce Task Page got displayed channel_opentask SUSSESSSSS  </system-out>
</testsuite> <!-- com.Home.fingertip.Channel_openTask -->
