<?xml version="1.0" encoding="UTF-8"?>
<!-- Generated by org.testng.reporters.JUnitReportReporter -->
<testsuite hostname="DESKTOP-5ADF9CN" failures="0" tests="1" name="com.Home.fingertip.Channel_ClickonEachsortOption" time="204.861" errors="0" timestamp="2020-11-23T14:53:33 IST" skipped="0">
  <testcase classname="com.Home.fingertip.Channel_ClickonEachsortOption" name="channel_clickoneachsortoption" time="204.861"/>
  <system-out>
Decision sort got displayed  </system-out>
</testsuite> <!-- com.Home.fingertip.Channel_ClickonEachsortOption -->
