<?xml version="1.0" encoding="UTF-8"?>
<!-- Generated by org.testng.reporters.JUnitReportReporter -->
<testsuite hostname="DESKTOP-5ADF9CN" failures="0" tests="1" name="Fingertip.script.Channel_Decision" time="60.119" errors="0" timestamp="2020-11-19T15:33:41 IST" skipped="0">
  <testcase classname="Fingertip.script.Channel_Decision" name="channel_decision" time="60.119"/>
  <system-out/>
</testsuite> <!-- Fingertip.script.Channel_Decision -->
