<?xml version="1.0" encoding="UTF-8"?>
<!-- Generated by org.testng.reporters.JUnitReportReporter -->
<testsuite hostname="DESKTOP-5ADF9CN" failures="0" tests="1" name="discoverDollors.Contact" time="5.346" errors="0" timestamp="2020-10-22T13:41:40 PDT" skipped="0">
  <testcase classname="discoverDollors.Contact" name="contact" time="5.346"/>
  <system-out>
Contact Page got displayed  </system-out>
</testsuite> <!-- discoverDollors.Contact -->
