<?xml version="1.0" encoding="UTF-8"?>
<!-- Generated by org.testng.reporters.JUnitReportReporter -->
<testsuite hostname="DESKTOP-5ADF9CN" failures="0" tests="1" name="com.Home.fingertip.Channel_Refresh" time="106.822" errors="0" timestamp="2020-11-23T12:27:08 IST" skipped="0">
  <testcase classname="com.Home.fingertip.Channel_Refresh" name="channel_refresh" time="106.822"/>
  <system-out>
Home | Salesforce  </system-out>
</testsuite> <!-- com.Home.fingertip.Channel_Refresh -->
