<?xml version="1.0" encoding="UTF-8"?>
<!-- Generated by org.testng.reporters.JUnitReportReporter -->
<testsuite hostname="DESKTOP-5ADF9CN" failures="0" tests="1" name="com.Home.fingertip.Channel_Plan" time="106.446" errors="0" timestamp="2020-11-20T13:40:12 IST" skipped="0">
  <testcase classname="com.Home.fingertip.Channel_Plan" name="channel_plan" time="106.446"/>
  <system-out>
channel_plan TEST START channel_plan SUSSESSSSS  </system-out>
</testsuite> <!-- com.Home.fingertip.Channel_Plan -->
