<?xml version="1.0" encoding="UTF-8"?>
<!-- Generated by org.testng.reporters.JUnitReportReporter -->
<testsuite hostname="DESKTOP-5ADF9CN" failures="0" tests="1" name="com.Home.fingertip.Channel_NewTaskpopup" time="130.849" errors="0" timestamp="2020-11-22T12:09:45 IST" skipped="0">
  <testcase classname="com.Home.fingertip.Channel_NewTaskpopup" name="channel_newtaskpopup" time="130.849"/>
  <system-out>
New Task popup opened got displayed  </system-out>
</testsuite> <!-- com.Home.fingertip.Channel_NewTaskpopup -->
