<?xml version="1.0" encoding="UTF-8"?>
<!-- Generated by org.testng.reporters.JUnitReportReporter -->
<testsuite hostname="DESKTOP-5ADF9CN" failures="0" tests="1" name="Fingertip.script.Channel_Home" time="70.495" errors="0" timestamp="2020-11-03T17:38:40 IST" skipped="0">
  <testcase classname="Fingertip.script.Channel_Home" name="channel_home" time="70.495"/>
  <system-out/>
</testsuite> <!-- Fingertip.script.Channel_Home -->
