<?xml version="1.0" encoding="UTF-8"?>
<!-- Generated by org.testng.reporters.JUnitReportReporter -->
<testsuite hostname="DESKTOP-5ADF9CN" failures="0" tests="1" name="com.Home.fingertip.Channel_Objective" time="75.835" errors="0" timestamp="2020-11-23T10:53:34 IST" skipped="0">
  <testcase classname="com.Home.fingertip.Channel_Objective" name="channel_objective" time="75.835"/>
  <system-out>
Objective Page got displayed  </system-out>
</testsuite> <!-- com.Home.fingertip.Channel_Objective -->
