<?xml version="1.0" encoding="UTF-8"?>
<!-- Generated by org.testng.reporters.JUnitReportReporter -->
<testsuite hostname="DESKTOP-5ADF9CN" failures="0" tests="1" name="com.Home.fingertip.Channel_OpenExisitingChannel" time="72.267" errors="0" timestamp="2020-11-20T12:56:06 IST" skipped="0">
  <testcase classname="com.Home.fingertip.Channel_OpenExisitingChannel" name="channel_openexisitingchannel" time="72.267"/>
  <system-out/>
</testsuite> <!-- com.Home.fingertip.Channel_OpenExisitingChannel -->
