<?xml version="1.0" encoding="UTF-8"?>
<!-- Generated by org.testng.reporters.JUnitReportReporter -->
<testsuite hostname="DESKTOP-5ADF9CN" failures="0" tests="1" name="Fingertip.script.Channel_topic" time="106.829" errors="0" timestamp="2020-11-18T17:46:03 IST" skipped="0">
  <testcase classname="Fingertip.script.Channel_topic" name="channel_topic" time="106.829"/>
  <system-out>
channel_topic TEST START channel_topic SUSSESSSSS  </system-out>
</testsuite> <!-- Fingertip.script.Channel_topic -->
