<?xml version="1.0" encoding="UTF-8"?>
<!-- Generated by org.testng.reporters.JUnitReportReporter -->
<testsuite hostname="DESKTOP-5ADF9CN" failures="0" tests="1" name="Fingertip.script.Login" time="57.454" errors="0" timestamp="2020-11-03T16:41:44 IST" skipped="0">
  <testcase classname="Fingertip.script.Login" name="login" time="57.454"/>
  <system-out/>
</testsuite> <!-- Fingertip.script.Login -->
