<?xml version="1.0" encoding="UTF-8"?>
<!-- Generated by org.testng.reporters.JUnitReportReporter -->
<testsuite hostname="DESKTOP-5ADF9CN" failures="0" tests="1" name="com.Home.fingertip.Channel_TaxandTopic" time="74.388" errors="0" timestamp="2020-11-24T18:25:10 IST" skipped="0">
  <testcase classname="com.Home.fingertip.Channel_TaxandTopic" name="channel_Taxandtopic" time="74.388"/>
  <system-out>
channel_Taxandtopic TEST START Channel Created got displayed channel_Taxandtopic SUSSESSSSS  </system-out>
</testsuite> <!-- com.Home.fingertip.Channel_TaxandTopic -->
