<?xml version="1.0" encoding="UTF-8"?>
<!-- Generated by org.testng.reporters.JUnitReportReporter -->
<testsuite hostname="DESKTOP-5ADF9CN" failures="0" tests="1" name="com.Home.fingertip.Channel_OpenDecison" time="59.337" errors="0" timestamp="2020-11-22T19:05:12 IST" skipped="0">
  <testcase classname="com.Home.fingertip.Channel_OpenDecison" name="channel_opendecision" time="59.337"/>
  <system-out>
channel_opendecision TEST START Home | Salesforce Decision Page got displayed channel_opendecision SUSSESSSSS  </system-out>
</testsuite> <!-- com.Home.fingertip.Channel_OpenDecison -->
