<?xml version="1.0" encoding="UTF-8"?>
<!-- Generated by org.testng.reporters.JUnitReportReporter -->
<testsuite hostname="DESKTOP-5ADF9CN" failures="0" tests="1" name="com.Home.fingertip.Channel_PinTheChannel" time="62.249" errors="0" timestamp="2020-11-24T13:12:58 IST" skipped="0">
  <testcase classname="com.Home.fingertip.Channel_PinTheChannel" name="channel_pinthechannel" time="62.249"/>
  <system-out>
Home | Salesforce  </system-out>
</testsuite> <!-- com.Home.fingertip.Channel_PinTheChannel -->
