<?xml version="1.0" encoding="UTF-8"?>
<!-- Generated by org.testng.reporters.JUnitReportReporter -->
<testsuite hostname="DESKTOP-5ADF9CN" failures="0" tests="1" name="com.Home.fingertip.Login" time="19.484" errors="0" timestamp="2020-11-20T13:52:43 IST" skipped="0">
  <testcase classname="com.Home.fingertip.Login" name="login" time="19.484"/>
  <system-out>
login TEST START login SUSSESSSSS  </system-out>
</testsuite> <!-- com.Home.fingertip.Login -->
