<?xml version="1.0" encoding="UTF-8"?>
<!-- Generated by org.testng.reporters.JUnitReportReporter -->
<testsuite hostname="DESKTOP-5ADF9CN" failures="0" tests="1" name="com.Home.fingertip.Channel_Home" time="23.064" errors="0" timestamp="2020-11-23T12:23:42 IST" skipped="0">
  <testcase classname="com.Home.fingertip.Channel_Home" name="channel_home" time="23.064"/>
  <system-out>
channel_home TEST START Lightning Experience got displayed channel_home SUSSESSSSS  </system-out>
</testsuite> <!-- com.Home.fingertip.Channel_Home -->
