<?xml version="1.0" encoding="UTF-8"?>
<!-- Generated by org.testng.reporters.JUnitReportReporter -->
<testsuite hostname="DESKTOP-5ADF9CN" failures="0" tests="1" name="com.Home.fingertip.Channel_topic" time="67.827" errors="0" timestamp="2020-11-22T14:28:01 IST" skipped="0">
  <testcase classname="com.Home.fingertip.Channel_topic" name="channel_topic" time="67.827"/>
  <system-out>
channel_topic TEST START Channel Created got displayed channel_topic SUSSESSSSS  </system-out>
</testsuite> <!-- com.Home.fingertip.Channel_topic -->
